execve("./blockcat", ["./blockcat", "blockcat.c"], 0x7ffcdf635d28 /* 72 vars */) = 0
brk(NULL)                               = 0x1e7a000
arch_prctl(0x3001 /* ARCH_??? */, 0x7ffe35c70410) = -1 EINVAL (Invalid argument)
access("/etc/ld.so.preload", R_OK)      = -1 ENOENT (No such file or directory)
openat(AT_FDCWD, "/etc/ld.so.cache", O_RDONLY|O_CLOEXEC) = 3
fstat(3, {st_mode=S_IFREG|0644, st_size=257621, ...}) = 0
mmap(NULL, 257621, PROT_READ, MAP_PRIVATE, 3, 0) = 0x7fa9d67b9000
close(3)                                = 0
openat(AT_FDCWD, "/lib64/libc.so.6", O_RDONLY|O_CLOEXEC) = 3
read(3, "\177ELF\2\1\1\3\0\0\0\0\0\0\0\0\3\0>\0\1\0\0\0P@\2\0\0\0\0\0"..., 832) = 832
lseek(3, 792, SEEK_SET)                 = 792
read(3, "\4\0\0\0\24\0\0\0\3\0\0\0GNU\0}\336\313\277\237\"\354v\311\344\242V\375\34\6\0"..., 68) = 68
fstat(3, {st_mode=S_IFREG|0755, st_size=5589952, ...}) = 0
mmap(NULL, 8192, PROT_READ|PROT_WRITE, MAP_PRIVATE|MAP_ANONYMOUS, -1, 0) = 0x7fa9d67b7000
lseek(3, 792, SEEK_SET)                 = 792
read(3, "\4\0\0\0\24\0\0\0\3\0\0\0GNU\0}\336\313\277\237\"\354v\311\344\242V\375\34\6\0"..., 68) = 68
lseek(3, 864, SEEK_SET)                 = 864
read(3, "\4\0\0\0\20\0\0\0\5\0\0\0GNU\0\2\0\0\300\4\0\0\0\3\0\0\0\0\0\0\0", 32) = 32
mmap(NULL, 1857280, PROT_READ, MAP_PRIVATE|MAP_DENYWRITE, 3, 0) = 0x7fa9d65f1000
mprotect(0x7fa9d6613000, 1679360, PROT_NONE) = 0
mmap(0x7fa9d6613000, 1363968, PROT_READ|PROT_EXEC, MAP_PRIVATE|MAP_FIXED|MAP_DENYWRITE, 3, 0x22000) = 0x7fa9d6613000
mmap(0x7fa9d6760000, 311296, PROT_READ, MAP_PRIVATE|MAP_FIXED|MAP_DENYWRITE, 3, 0x16f000) = 0x7fa9d6760000
mmap(0x7fa9d67ad000, 24576, PROT_READ|PROT_WRITE, MAP_PRIVATE|MAP_FIXED|MAP_DENYWRITE, 3, 0x1bb000) = 0x7fa9d67ad000
mmap(0x7fa9d67b3000, 14080, PROT_READ|PROT_WRITE, MAP_PRIVATE|MAP_FIXED|MAP_ANONYMOUS, -1, 0) = 0x7fa9d67b3000
close(3)                                = 0
arch_prctl(ARCH_SET_FS, 0x7fa9d67b8500) = 0
mprotect(0x7fa9d67ad000, 16384, PROT_READ) = 0
mprotect(0x403000, 4096, PROT_READ)     = 0
mprotect(0x7fa9d6822000, 4096, PROT_READ) = 0
munmap(0x7fa9d67b9000, 257621)          = 0
brk(NULL)                               = 0x1e7a000
brk(0x1e9b000)                          = 0x1e9b000
brk(NULL)                               = 0x1e9b000
openat(AT_FDCWD, "blockcat.c", O_RDONLY) = 3
read(3, "#", 1)                         = 1
read(3, "i", 1)                         = 1
read(3, "n", 1)                         = 1
read(3, "c", 1)                         = 1
read(3, "l", 1)                         = 1
read(3, "u", 1)                         = 1
read(3, "d", 1)                         = 1
read(3, "e", 1)                         = 1
read(3, " ", 1)                         = 1
read(3, "\"", 1)                        = 1
read(3, "i", 1)                         = 1
read(3, "o", 1)                         = 1
read(3, ".", 1)                         = 1
read(3, "h", 1)                         = 1
read(3, "\"", 1)                        = 1
read(3, "\n", 1)                        = 1
read(3, "\n", 1)                        = 1
read(3, "/", 1)                         = 1
read(3, "/", 1)                         = 1
read(3, " ", 1)                         = 1
read(3, "U", 1)                         = 1
read(3, "s", 1)                         = 1
read(3, "a", 1)                         = 1
read(3, "g", 1)                         = 1
read(3, "e", 1)                         = 1
read(3, ":", 1)                         = 1
read(3, " ", 1)                         = 1
read(3, ".", 1)                         = 1
read(3, "/", 1)                         = 1
read(3, "b", 1)                         = 1
read(3, "l", 1)                         = 1
read(3, "o", 1)                         = 1
read(3, "c", 1)                         = 1
read(3, "k", 1)                         = 1
read(3, "c", 1)                         = 1
read(3, "a", 1)                         = 1
read(3, "t", 1)                         = 1
read(3, " ", 1)                         = 1
read(3, "[", 1)                         = 1
read(3, "-", 1)                         = 1
read(3, "b", 1)                         = 1
read(3, " ", 1)                         = 1
read(3, "B", 1)                         = 1
read(3, "L", 1)                         = 1
read(3, "O", 1)                         = 1
read(3, "C", 1)                         = 1
read(3, "K", 1)                         = 1
read(3, "S", 1)                         = 1
read(3, "I", 1)                         = 1
read(3, "Z", 1)                         = 1
read(3, "E", 1)                         = 1
read(3, "]", 1)                         = 1
read(3, " ", 1)                         = 1
read(3, "[", 1)                         = 1
read(3, "-", 1)                         = 1
read(3, "o", 1)                         = 1
read(3, " ", 1)                         = 1
read(3, "O", 1)                         = 1
read(3, "U", 1)                         = 1
read(3, "T", 1)                         = 1
read(3, "F", 1)                         = 1
read(3, "I", 1)                         = 1
read(3, "L", 1)                         = 1
read(3, "E", 1)                         = 1
read(3, "]", 1)                         = 1
read(3, " ", 1)                         = 1
read(3, "[", 1)                         = 1
read(3, "F", 1)                         = 1
read(3, "I", 1)                         = 1
read(3, "L", 1)                         = 1
read(3, "E", 1)                         = 1
read(3, "]", 1)                         = 1
read(3, "\n", 1)                        = 1
read(3, "/", 1)                         = 1
read(3, "/", 1)                         = 1
read(3, " ", 1)                         = 1
read(3, " ", 1)                         = 1
read(3, " ", 1)                         = 1
read(3, " ", 1)                         = 1
read(3, "C", 1)                         = 1
read(3, "o", 1)                         = 1
read(3, "p", 1)                         = 1
read(3, "i", 1)                         = 1
read(3, "e", 1)                         = 1
read(3, "s", 1)                         = 1
read(3, " ", 1)                         = 1
read(3, "t", 1)                         = 1
read(3, "h", 1)                         = 1
read(3, "e", 1)                         = 1
read(3, " ", 1)                         = 1
read(3, "i", 1)                         = 1
read(3, "n", 1)                         = 1
read(3, "p", 1)                         = 1
read(3, "u", 1)                         = 1
read(3, "t", 1)                         = 1
read(3, " ", 1)                         = 1
read(3, "F", 1)                         = 1
read(3, "I", 1)                         = 1
read(3, "L", 1)                         = 1
read(3, "E", 1)                         = 1
read(3, " ", 1)                         = 1
read(3, "t", 1)                         = 1
read(3, "o", 1)                         = 1
read(3, " ", 1)                         = 1
read(3, "s", 1)                         = 1
read(3, "t", 1)                         = 1
read(3, "a", 1)                         = 1
read(3, "n", 1)                         = 1
read(3, "d", 1)                         = 1
read(3, "a", 1)                         = 1
read(3, "r", 1)                         = 1
read(3, "d", 1)                         = 1
read(3, " ", 1)                         = 1
read(3, "o", 1)                         = 1
read(3, "u", 1)                         = 1
read(3, "t", 1)                         = 1
read(3, "p", 1)                         = 1
read(3, "u", 1)                         = 1
read(3, "t", 1)                         = 1
read(3, " ", 1)                         = 1
read(3, "i", 1)                         = 1
read(3, "n", 1)                         = 1
read(3, " ", 1)                         = 1
read(3, "b", 1)                         = 1
read(3, "l", 1)                         = 1
read(3, "o", 1)                         = 1
read(3, "c", 1)                         = 1
read(3, "k", 1)                         = 1
read(3, "s", 1)                         = 1
read(3, ".", 1)                         = 1
read(3, "\n", 1)                        = 1
read(3, "/", 1)                         = 1
read(3, "/", 1)                         = 1
read(3, " ", 1)                         = 1
read(3, " ", 1)                         = 1
read(3, " ", 1)                         = 1
read(3, " ", 1)                         = 1
read(3, "D", 1)                         = 1
read(3, "e", 1)                         = 1
read(3, "f", 1)                         = 1
read(3, "a", 1)                         = 1
read(3, "u", 1)                         = 1
read(3, "l", 1)                         = 1
read(3, "t", 1)                         = 1
read(3, " ", 1)                         = 1
read(3, "B", 1)                         = 1
read(3, "L", 1)                         = 1
read(3, "O", 1)                         = 1
read(3, "C", 1)                         = 1
read(3, "K", 1)                         = 1
read(3, "S", 1)                         = 1
read(3, "I", 1)                         = 1
read(3, "Z", 1)                         = 1
read(3, "E", 1)                         = 1
read(3, " ", 1)                         = 1
read(3, "i", 1)                         = 1
read(3, "s", 1)                         = 1
read(3, " ", 1)                         = 1
read(3, "4", 1)                         = 1
read(3, "0", 1)                         = 1
read(3, "9", 1)                         = 1
read(3, "6", 1)                         = 1
read(3, ".", 1)                         = 1
read(3, "\n", 1)                        = 1
read(3, "\n", 1)                        = 1
read(3, "i", 1)                         = 1
read(3, "n", 1)                         = 1
read(3, "t", 1)                         = 1
read(3, " ", 1)                         = 1
read(3, "m", 1)                         = 1
read(3, "a", 1)                         = 1
read(3, "i", 1)                         = 1
read(3, "n", 1)                         = 1
read(3, "(", 1)                         = 1
read(3, "i", 1)                         = 1
read(3, "n", 1)                         = 1
read(3, "t", 1)                         = 1
read(3, " ", 1)                         = 1
read(3, "a", 1)                         = 1
read(3, "r", 1)                         = 1
read(3, "g", 1)                         = 1
read(3, "c", 1)                         = 1
read(3, ",", 1)                         = 1
read(3, " ", 1)                         = 1
read(3, "c", 1)                         = 1
read(3, "h", 1)                         = 1
read(3, "a", 1)                         = 1
read(3, "r", 1)                         = 1
read(3, "*", 1)                         = 1
read(3, " ", 1)                         = 1
read(3, "a", 1)                         = 1
read(3, "r", 1)                         = 1
read(3, "g", 1)                         = 1
read(3, "v", 1)                         = 1
read(3, "[", 1)                         = 1
read(3, "]", 1)                         = 1
read(3, ")", 1)                         = 1
read(3, " ", 1)                         = 1
read(3, "{", 1)                         = 1
read(3, "\n", 1)                        = 1
read(3, " ", 1)                         = 1
read(3, " ", 1)                         = 1
read(3, " ", 1)                         = 1
read(3, " ", 1)                         = 1
read(3, "/", 1)                         = 1
read(3, "/", 1)                         = 1
read(3, " ", 1)                         = 1
read(3, "P", 1)                         = 1
read(3, "a", 1)                         = 1
read(3, "r", 1)                         = 1
read(3, "s", 1)                         = 1
read(3, "e", 1)                         = 1
read(3, " ", 1)                         = 1
read(3, "a", 1)                         = 1
read(3, "r", 1)                         = 1
read(3, "g", 1)                         = 1
read(3, "u", 1)                         = 1
read(3, "m", 1)                         = 1
read(3, "e", 1)                         = 1
read(3, "n", 1)                         = 1
read(3, "t", 1)                         = 1
read(3, "s", 1)                         = 1
read(3, "\n", 1)                        = 1
read(3, " ", 1)                         = 1
read(3, " ", 1)                         = 1
read(3, " ", 1)                         = 1
read(3, " ", 1)                         = 1
read(3, "i", 1)                         = 1
read(3, "o", 1)                         = 1
read(3, "_", 1)                         = 1
read(3, "a", 1)                         = 1
read(3, "r", 1)                         = 1
read(3, "g", 1)                         = 1
read(3, "u", 1)                         = 1
read(3, "m", 1)                         = 1
read(3, "e", 1)                         = 1
read(3, "n", 1)                         = 1
read(3, "t", 1)                         = 1
read(3, "s", 1)                         = 1
read(3, " ", 1)                         = 1
read(3, "a", 1)                         = 1
read(3, "r", 1)                         = 1
read(3, "g", 1)                         = 1
read(3, "s", 1)                         = 1
read(3, " ", 1)                         = 1
read(3, "=", 1)                         = 1
read(3, " ", 1)                         = 1
read(3, "i", 1)                         = 1
read(3, "o", 1)                         = 1
read(3, "_", 1)                         = 1
read(3, "p", 1)                         = 1
read(3, "a", 1)                         = 1
read(3, "r", 1)                         = 1
read(3, "s", 1)                         = 1
read(3, "e", 1)                         = 1
read(3, "_", 1)                         = 1
read(3, "a", 1)                         = 1
read(3, "r", 1)                         = 1
read(3, "g", 1)                         = 1
read(3, "u", 1)                         = 1
read(3, "m", 1)                         = 1
read(3, "e", 1)                         = 1
read(3, "n", 1)                         = 1
read(3, "t", 1)                         = 1
read(3, "s", 1)                         = 1
read(3, "(", 1)                         = 1
read(3, "a", 1)                         = 1
read(3, "r", 1)                         = 1
read(3, "g", 1)                         = 1
read(3, "c", 1)                         = 1
read(3, ",", 1)                         = 1
read(3, " ", 1)                         = 1
read(3, "a", 1)                         = 1
read(3, "r", 1)                         = 1
read(3, "g", 1)                         = 1
read(3, "v", 1)                         = 1
read(3, ",", 1)                         = 1
read(3, " ", 1)                         = 1
read(3, "\"", 1)                        = 1
read(3, "b", 1)                         = 1
read(3, ":", 1)                         = 1
read(3, "o", 1)                         = 1
read(3, ":", 1)                         = 1
read(3, "\"", 1)                        = 1
read(3, ")", 1)                         = 1
read(3, ";", 1)                         = 1
read(3, "\n", 1)                        = 1
read(3, " ", 1)                         = 1
read(3, " ", 1)                         = 1
read(3, " ", 1)                         = 1
read(3, " ", 1)                         = 1
read(3, "s", 1)                         = 1
read(3, "i", 1)                         = 1
read(3, "z", 1)                         = 1
read(3, "e", 1)                         = 1
read(3, "_", 1)                         = 1
read(3, "t", 1)                         = 1
read(3, " ", 1)                         = 1
read(3, "b", 1)                         = 1
read(3, "l", 1)                         = 1
read(3, "o", 1)                         = 1
read(3, "c", 1)                         = 1
read(3, "k", 1)                         = 1
read(3, "_", 1)                         = 1
read(3, "s", 1)                         = 1
read(3, "i", 1)                         = 1
read(3, "z", 1)                         = 1
read(3, "e", 1)                         = 1
read(3, " ", 1)                         = 1
read(3, "=", 1)                         = 1
read(3, " ", 1)                         = 1
read(3, "a", 1)                         = 1
read(3, "r", 1)                         = 1
read(3, "g", 1)                         = 1
read(3, "s", 1)                         = 1
read(3, ".", 1)                         = 1
read(3, "b", 1)                         = 1
read(3, "l", 1)                         = 1
read(3, "o", 1)                         = 1
read(3, "c", 1)                         = 1
read(3, "k", 1)                         = 1
read(3, "_", 1)                         = 1
read(3, "s", 1)                         = 1
read(3, "i", 1)                         = 1
read(3, "z", 1)                         = 1
read(3, "e", 1)                         = 1
read(3, " ", 1)                         = 1
read(3, "?", 1)                         = 1
read(3, " ", 1)                         = 1
read(3, "a", 1)                         = 1
read(3, "r", 1)                         = 1
read(3, "g", 1)                         = 1
read(3, "s", 1)                         = 1
read(3, ".", 1)                         = 1
read(3, "b", 1)                         = 1
read(3, "l", 1)                         = 1
read(3, "o", 1)                         = 1
read(3, "c", 1)                         = 1
read(3, "k", 1)                         = 1
read(3, "_", 1)                         = 1
read(3, "s", 1)                         = 1
read(3, "i", 1)                         = 1
read(3, "z", 1)                         = 1
read(3, "e", 1)                         = 1
read(3, " ", 1)                         = 1
read(3, ":", 1)                         = 1
read(3, " ", 1)                         = 1
read(3, "4", 1)                         = 1
read(3, "0", 1)                         = 1
read(3, "9", 1)                         = 1
read(3, "6", 1)                         = 1
read(3, ";", 1)                         = 1
read(3, "\n", 1)                        = 1
read(3, "\n", 1)                        = 1
read(3, " ", 1)                         = 1
read(3, " ", 1)                         = 1
read(3, " ", 1)                         = 1
read(3, " ", 1)                         = 1
read(3, "/", 1)                         = 1
read(3, "/", 1)                         = 1
read(3, " ", 1)                         = 1
read(3, "A", 1)                         = 1
read(3, "l", 1)                         = 1
read(3, "l", 1)                         = 1
read(3, "o", 1)                         = 1
read(3, "c", 1)                         = 1
read(3, "a", 1)                         = 1
read(3, "t", 1)                         = 1
read(3, "e", 1)                         = 1
read(3, " ", 1)                         = 1
read(3, "b", 1)                         = 1
read(3, "u", 1)                         = 1
read(3, "f", 1)                         = 1
read(3, "f", 1)                         = 1
read(3, "e", 1)                         = 1
read(3, "r", 1)                         = 1
read(3, ",", 1)                         = 1
read(3, " ", 1)                         = 1
read(3, "o", 1)                         = 1
read(3, "p", 1)                         = 1
read(3, "e", 1)                         = 1
read(3, "n", 1)                         = 1
read(3, " ", 1)                         = 1
read(3, "f", 1)                         = 1
read(3, "i", 1)                         = 1
read(3, "l", 1)                         = 1
read(3, "e", 1)                         = 1
read(3, "s", 1)                         = 1
read(3, "\n", 1)                        = 1
read(3, " ", 1)                         = 1
read(3, " ", 1)                         = 1
read(3, " ", 1)                         = 1
read(3, " ", 1)                         = 1
read(3, "c", 1)                         = 1
read(3, "h", 1)                         = 1
read(3, "a", 1)                         = 1
read(3, "r", 1)                         = 1
read(3, "*", 1)                         = 1
read(3, " ", 1)                         = 1
read(3, "b", 1)                         = 1
read(3, "u", 1)                         = 1
read(3, "f", 1)                         = 1
read(3, " ", 1)                         = 1
read(3, "=", 1)                         = 1
read(3, " ", 1)                         = 1
read(3, "(", 1)                         = 1
read(3, "c", 1)                         = 1
read(3, "h", 1)                         = 1
read(3, "a", 1)                         = 1
read(3, "r", 1)                         = 1
read(3, "*", 1)                         = 1
read(3, ")", 1)                         = 1
read(3, " ", 1)                         = 1
read(3, "m", 1)                         = 1
read(3, "a", 1)                         = 1
read(3, "l", 1)                         = 1
read(3, "l", 1)                         = 1
read(3, "o", 1)                         = 1
read(3, "c", 1)                         = 1
read(3, "(", 1)                         = 1
read(3, "b", 1)                         = 1
read(3, "l", 1)                         = 1
read(3, "o", 1)                         = 1
read(3, "c", 1)                         = 1
read(3, "k", 1)                         = 1
read(3, "_", 1)                         = 1
read(3, "s", 1)                         = 1
read(3, "i", 1)                         = 1
read(3, "z", 1)                         = 1
read(3, "e", 1)                         = 1
read(3, ")", 1)                         = 1
read(3, ";", 1)                         = 1
read(3, "\n", 1)                        = 1
read(3, "\n", 1)                        = 1
read(3, " ", 1)                         = 1
read(3, " ", 1)                         = 1
read(3, " ", 1)                         = 1
read(3, " ", 1)                         = 1
read(3, "i", 1)                         = 1
read(3, "o", 1)                         = 1
read(3, "_", 1)                         = 1
read(3, "p", 1)                         = 1
read(3, "r", 1)                         = 1
read(3, "o", 1)                         = 1
read(3, "f", 1)                         = 1
read(3, "i", 1)                         = 1
read(3, "l", 1)                         = 1
read(3, "e", 1)                         = 1
read(3, "_", 1)                         = 1
read(3, "b", 1)                         = 1
read(3, "e", 1)                         = 1
read(3, "g", 1)                         = 1
read(3, "i", 1)                         = 1
read(3, "n", 1)                         = 1
read(3, "(", 1)                         = 1
read(3, ")", 1)                         = 1
read(3, ";", 1)                         = 1
read(3, "\n", 1)                        = 1
read(3, " ", 1)                         = 1
read(3, " ", 1)                         = 1
read(3, " ", 1)                         = 1
read(3, " ", 1)                         = 1
read(3, "i", 1)                         = 1
read(3, "o", 1)                         = 1
read(3, "_", 1)                         = 1
read(3, "f", 1)                         = 1
read(3, "i", 1)                         = 1
read(3, "l", 1)                         = 1
read(3, "e", 1)                         = 1
read(3, "*", 1)                         = 1
read(3, " ", 1)                         = 1
read(3, "i", 1)                         = 1
read(3, "n", 1)                         = 1
read(3, "f", 1)                         = 1
read(3, " ", 1)                         = 1
read(3, "=", 1)                         = 1
read(3, " ", 1)                         = 1
read(3, "i", 1)                         = 1
read(3, "o", 1)                         = 1
read(3, "_", 1)                         = 1
read(3, "o", 1)                         = 1
read(3, "p", 1)                         = 1
read(3, "e", 1)                         = 1
read(3, "n", 1)                         = 1
read(3, "_", 1)                         = 1
read(3, "c", 1)                         = 1
read(3, "h", 1)                         = 1
read(3, "e", 1)                         = 1
read(3, "c", 1)                         = 1
read(3, "k", 1)                         = 1
read(3, "(", 1)                         = 1
read(3, "a", 1)                         = 1
read(3, "r", 1)                         = 1
read(3, "g", 1)                         = 1
read(3, "s", 1)                         = 1
read(3, ".", 1)                         = 1
read(3, "i", 1)                         = 1
read(3, "n", 1)                         = 1
read(3, "p", 1)                         = 1
read(3, "u", 1)                         = 1
read(3, "t", 1)                         = 1
read(3, "_", 1)                         = 1
read(3, "f", 1)                         = 1
read(3, "i", 1)                         = 1
read(3, "l", 1)                         = 1
read(3, "e", 1)                         = 1
read(3, ",", 1)                         = 1
read(3, " ", 1)                         = 1
read(3, "O", 1)                         = 1
read(3, "_", 1)                         = 1
read(3, "R", 1)                         = 1
read(3, "D", 1)                         = 1
read(3, "O", 1)                         = 1
read(3, "N", 1)                         = 1
read(3, "L", 1)                         = 1
read(3, "Y", 1)                         = 1
read(3, ")", 1)                         = 1
read(3, ";", 1)                         = 1
read(3, "\n", 1)                        = 1
read(3, " ", 1)                         = 1
read(3, " ", 1)                         = 1
read(3, " ", 1)                         = 1
read(3, " ", 1)                         = 1
read(3, "i", 1)                         = 1
read(3, "o", 1)                         = 1
read(3, "_", 1)                         = 1
read(3, "f", 1)                         = 1
read(3, "i", 1)                         = 1
read(3, "l", 1)                         = 1
read(3, "e", 1)                         = 1
read(3, "*", 1)                         = 1
read(3, " ", 1)                         = 1
read(3, "o", 1)                         = 1
read(3, "u", 1)                         = 1
read(3, "t", 1)                         = 1
read(3, "f", 1)                         = 1
read(3, " ", 1)                         = 1
read(3, "=", 1)                         = 1
read(3, " ", 1)                         = 1
read(3, "i", 1)                         = 1
read(3, "o", 1)                         = 1
read(3, "_", 1)                         = 1
read(3, "o", 1)                         = 1
read(3, "p", 1)                         = 1
read(3, "e", 1)                         = 1
read(3, "n", 1)                         = 1
read(3, "_", 1)                         = 1
read(3, "c", 1)                         = 1
read(3, "h", 1)                         = 1
read(3, "e", 1)                         = 1
read(3, "c", 1)                         = 1
read(3, "k", 1)                         = 1
read(3, "(", 1)                         = 1
read(3, "a", 1)                         = 1
read(3, "r", 1)                         = 1
read(3, "g", 1)                         = 1
read(3, "s", 1)                         = 1
read(3, ".", 1)                         = 1
read(3, "o", 1)                         = 1
read(3, "u", 1)                         = 1
read(3, "t", 1)                         = 1
read(3, "p", 1)                         = 1
read(3, "u", 1)                         = 1
read(3, "t", 1)                         = 1
read(3, "_", 1)                         = 1
read(3, "f", 1)                         = 1
read(3, "i", 1)                         = 1
read(3, "l", 1)                         = 1
read(3, "e", 1)                         = 1
read(3, ",", 1)                         = 1
read(3, "\n", 1)                        = 1
read(3, " ", 1)                         = 1
read(3, " ", 1)                         = 1
read(3, " ", 1)                         = 1
read(3, " ", 1)                         = 1
read(3, " ", 1)                         = 1
read(3, " ", 1)                         = 1
read(3, " ", 1)                         = 1
read(3, " ", 1)                         = 1
read(3, " ", 1)                         = 1
read(3, " ", 1)                         = 1
read(3, " ", 1)                         = 1
read(3, " ", 1)                         = 1
read(3, " ", 1)                         = 1
read(3, " ", 1)                         = 1
read(3, " ", 1)                         = 1
read(3, " ", 1)                         = 1
read(3, " ", 1)                         = 1
read(3, " ", 1)                         = 1
read(3, " ", 1)                         = 1
read(3, " ", 1)                         = 1
read(3, " ", 1)                         = 1
read(3, " ", 1)                         = 1
read(3, " ", 1)                         = 1
read(3, " ", 1)                         = 1
read(3, " ", 1)                         = 1
read(3, " ", 1)                         = 1
read(3, " ", 1)                         = 1
read(3, " ", 1)                         = 1
read(3, " ", 1)                         = 1
read(3, " ", 1)                         = 1
read(3, " ", 1)                         = 1
read(3, " ", 1)                         = 1
read(3, " ", 1)                         = 1
read(3, " ", 1)                         = 1
read(3, " ", 1)                         = 1
read(3, " ", 1)                         = 1
read(3, " ", 1)                         = 1
read(3, " ", 1)                         = 1
read(3, "O", 1)                         = 1
read(3, "_", 1)                         = 1
read(3, "W", 1)                         = 1
read(3, "R", 1)                         = 1
read(3, "O", 1)                         = 1
read(3, "N", 1)                         = 1
read(3, "L", 1)                         = 1
read(3, "Y", 1)                         = 1
read(3, " ", 1)                         = 1
read(3, "|", 1)                         = 1
read(3, " ", 1)                         = 1
read(3, "O", 1)                         = 1
read(3, "_", 1)                         = 1
read(3, "C", 1)                         = 1
read(3, "R", 1)                         = 1
read(3, "E", 1)                         = 1
read(3, "A", 1)                         = 1
read(3, "T", 1)                         = 1
read(3, " ", 1)                         = 1
read(3, "|", 1)                         = 1
read(3, " ", 1)                         = 1
read(3, "O", 1)                         = 1
read(3, "_", 1)                         = 1
read(3, "T", 1)                         = 1
read(3, "R", 1)                         = 1
read(3, "U", 1)                         = 1
read(3, "N", 1)                         = 1
read(3, "C", 1)                         = 1
read(3, ")", 1)                         = 1
read(3, ";", 1)                         = 1
read(3, "\n", 1)                        = 1
read(3, "\n", 1)                        = 1
read(3, " ", 1)                         = 1
read(3, " ", 1)                         = 1
read(3, " ", 1)                         = 1
read(3, " ", 1)                         = 1
read(3, "/", 1)                         = 1
read(3, "/", 1)                         = 1
read(3, " ", 1)                         = 1
read(3, "C", 1)                         = 1
read(3, "o", 1)                         = 1
read(3, "p", 1)                         = 1
read(3, "y", 1)                         = 1
read(3, " ", 1)                         = 1
read(3, "f", 1)                         = 1
read(3, "i", 1)                         = 1
read(3, "l", 1)                         = 1
read(3, "e", 1)                         = 1
read(3, " ", 1)                         = 1
read(3, "d", 1)                         = 1
read(3, "a", 1)                         = 1
read(3, "t", 1)                         = 1
read(3, "a", 1)                         = 1
read(3, "\n", 1)                        = 1
read(3, " ", 1)                         = 1
read(3, " ", 1)                         = 1
read(3, " ", 1)                         = 1
read(3, " ", 1)                         = 1
read(3, "w", 1)                         = 1
read(3, "h", 1)                         = 1
read(3, "i", 1)                         = 1
read(3, "l", 1)                         = 1
read(3, "e", 1)                         = 1
read(3, " ", 1)                         = 1
read(3, "(", 1)                         = 1
read(3, "1", 1)                         = 1
read(3, ")", 1)                         = 1
read(3, " ", 1)                         = 1
read(3, "{", 1)                         = 1
read(3, "\n", 1)                        = 1
read(3, " ", 1)                         = 1
read(3, " ", 1)                         = 1
read(3, " ", 1)                         = 1
read(3, " ", 1)                         = 1
read(3, " ", 1)                         = 1
read(3, " ", 1)                         = 1
read(3, " ", 1)                         = 1
read(3, " ", 1)                         = 1
read(3, "s", 1)                         = 1
read(3, "s", 1)                         = 1
read(3, "i", 1)                         = 1
read(3, "z", 1)                         = 1
read(3, "e", 1)                         = 1
read(3, "_", 1)                         = 1
read(3, "t", 1)                         = 1
read(3, " ", 1)                         = 1
read(3, "a", 1)                         = 1
read(3, "m", 1)                         = 1
read(3, "o", 1)                         = 1
read(3, "u", 1)                         = 1
read(3, "n", 1)                         = 1
read(3, "t", 1)                         = 1
read(3, " ", 1)                         = 1
read(3, "=", 1)                         = 1
read(3, " ", 1)                         = 1
read(3, "i", 1)                         = 1
read(3, "o", 1)                         = 1
read(3, "_", 1)                         = 1
read(3, "r", 1)                         = 1
read(3, "e", 1)                         = 1
read(3, "a", 1)                         = 1
read(3, "d", 1)                         = 1
read(3, "(", 1)                         = 1
read(3, "i", 1)                         = 1
read(3, "n", 1)                         = 1
read(3, "f", 1)                         = 1
read(3, ",", 1)                         = 1
read(3, " ", 1)                         = 1
read(3, "b", 1)                         = 1
read(3, "u", 1)                         = 1
read(3, "f", 1)                         = 1
read(3, ",", 1)                         = 1
read(3, " ", 1)                         = 1
read(3, "b", 1)                         = 1
read(3, "l", 1)                         = 1
read(3, "o", 1)                         = 1
read(3, "c", 1)                         = 1
read(3, "k", 1)                         = 1
read(3, "_", 1)                         = 1
read(3, "s", 1)                         = 1
read(3, "i", 1)                         = 1
read(3, "z", 1)                         = 1
read(3, "e", 1)                         = 1
read(3, ")", 1)                         = 1
read(3, ";", 1)                         = 1
read(3, "\n", 1)                        = 1
read(3, " ", 1)                         = 1
read(3, " ", 1)                         = 1
read(3, " ", 1)                         = 1
read(3, " ", 1)                         = 1
read(3, " ", 1)                         = 1
read(3, " ", 1)                         = 1
read(3, " ", 1)                         = 1
read(3, " ", 1)                         = 1
read(3, "i", 1)                         = 1
read(3, "f", 1)                         = 1
read(3, " ", 1)                         = 1
read(3, "(", 1)                         = 1
read(3, "a", 1)                         = 1
read(3, "m", 1)                         = 1
read(3, "o", 1)                         = 1
read(3, "u", 1)                         = 1
read(3, "n", 1)                         = 1
read(3, "t", 1)                         = 1
read(3, " ", 1)                         = 1
read(3, "<", 1)                         = 1
read(3, "=", 1)                         = 1
read(3, " ", 1)                         = 1
read(3, "0", 1)                         = 1
read(3, ")", 1)                         = 1
read(3, " ", 1)                         = 1
read(3, "{", 1)                         = 1
read(3, "\n", 1)                        = 1
read(3, " ", 1)                         = 1
read(3, " ", 1)                         = 1
read(3, " ", 1)                         = 1
read(3, " ", 1)                         = 1
read(3, " ", 1)                         = 1
read(3, " ", 1)                         = 1
read(3, " ", 1)                         = 1
read(3, " ", 1)                         = 1
read(3, " ", 1)                         = 1
read(3, " ", 1)                         = 1
read(3, " ", 1)                         = 1
read(3, " ", 1)                         = 1
read(3, "b", 1)                         = 1
read(3, "r", 1)                         = 1
read(3, "e", 1)                         = 1
read(3, "a", 1)                         = 1
read(3, "k", 1)                         = 1
read(3, ";", 1)                         = 1
read(3, "\n", 1)                        = 1
read(3, " ", 1)                         = 1
read(3, " ", 1)                         = 1
read(3, " ", 1)                         = 1
read(3, " ", 1)                         = 1
read(3, " ", 1)                         = 1
read(3, " ", 1)                         = 1
read(3, " ", 1)                         = 1
read(3, " ", 1)                         = 1
read(3, "}", 1)                         = 1
read(3, "\n", 1)                        = 1
read(3, " ", 1)                         = 1
read(3, " ", 1)                         = 1
read(3, " ", 1)                         = 1
read(3, " ", 1)                         = 1
read(3, " ", 1)                         = 1
read(3, " ", 1)                         = 1
read(3, " ", 1)                         = 1
read(3, " ", 1)                         = 1
read(3, "i", 1)                         = 1
read(3, "o", 1)                         = 1
read(3, "_", 1)                         = 1
read(3, "w", 1)                         = 1
read(3, "r", 1)                         = 1
read(3, "i", 1)                         = 1
read(3, "t", 1)                         = 1
read(3, "e", 1)                         = 1
read(3, "(", 1)                         = 1
read(3, "o", 1)                         = 1
read(3, "u", 1)                         = 1
read(3, "t", 1)                         = 1
read(3, "f", 1)                         = 1
read(3, ",", 1)                         = 1
read(3, " ", 1)                         = 1
read(3, "b", 1)                         = 1
read(3, "u", 1)                         = 1
read(3, "f", 1)                         = 1
read(3, ",", 1)                         = 1
read(3, " ", 1)                         = 1
read(3, "a", 1)                         = 1
read(3, "m", 1)                         = 1
read(3, "o", 1)                         = 1
read(3, "u", 1)                         = 1
read(3, "n", 1)                         = 1
read(3, "t", 1)                         = 1
read(3, ")", 1)                         = 1
read(3, ";", 1)                         = 1
read(3, "\n", 1)                        = 1
read(3, " ", 1)                         = 1
read(3, " ", 1)                         = 1
read(3, " ", 1)                         = 1
read(3, " ", 1)                         = 1
read(3, "}", 1)                         = 1
read(3, "\n", 1)                        = 1
read(3, "\n", 1)                        = 1
read(3, " ", 1)                         = 1
read(3, " ", 1)                         = 1
read(3, " ", 1)                         = 1
read(3, " ", 1)                         = 1
read(3, "i", 1)                         = 1
read(3, "o", 1)                         = 1
read(3, "_", 1)                         = 1
read(3, "c", 1)                         = 1
read(3, "l", 1)                         = 1
read(3, "o", 1)                         = 1
read(3, "s", 1)                         = 1
read(3, "e", 1)                         = 1
read(3, "(", 1)                         = 1
read(3, "i", 1)                         = 1
read(3, "n", 1)                         = 1
read(3, "f", 1)                         = 1
read(3, ")", 1)                         = 1
read(3, ";", 1)                         = 1
read(3, "\n", 1)                        = 1
read(3, " ", 1)                         = 1
read(3, " ", 1)                         = 1
read(3, " ", 1)                         = 1
read(3, " ", 1)                         = 1
read(3, "i", 1)                         = 1
read(3, "o", 1)                         = 1
read(3, "_", 1)                         = 1
read(3, "c", 1)                         = 1
read(3, "l", 1)                         = 1
read(3, "o", 1)                         = 1
read(3, "s", 1)                         = 1
read(3, "e", 1)                         = 1
read(3, "(", 1)                         = 1
read(3, "o", 1)                         = 1
read(3, "u", 1)                         = 1
read(3, "t", 1)                         = 1
read(3, "f", 1)                         = 1
read(3, ")", 1)                         = 1
read(3, ";", 1)                         = 1
read(3, "\n", 1)                        = 1
read(3, " ", 1)                         = 1
read(3, " ", 1)                         = 1
read(3, " ", 1)                         = 1
read(3, " ", 1)                         = 1
read(3, "i", 1)                         = 1
read(3, "o", 1)                         = 1
read(3, "_", 1)                         = 1
read(3, "p", 1)                         = 1
read(3, "r", 1)                         = 1
read(3, "o", 1)                         = 1
read(3, "f", 1)                         = 1
read(3, "i", 1)                         = 1
read(3, "l", 1)                         = 1
read(3, "e", 1)                         = 1
read(3, "_", 1)                         = 1
read(3, "e", 1)                         = 1
read(3, "n", 1)                         = 1
read(3, "d", 1)                         = 1
read(3, "(", 1)                         = 1
read(3, ")", 1)                         = 1
read(3, ";", 1)                         = 1
read(3, "\n", 1)                        = 1
read(3, " ", 1)                         = 1
read(3, " ", 1)                         = 1
read(3, " ", 1)                         = 1
read(3, " ", 1)                         = 1
read(3, "f", 1)                         = 1
read(3, "r", 1)                         = 1
read(3, "e", 1)                         = 1
read(3, "e", 1)                         = 1
read(3, "(", 1)                         = 1
read(3, "b", 1)                         = 1
read(3, "u", 1)                         = 1
read(3, "f", 1)                         = 1
read(3, ")", 1)                         = 1
read(3, ";", 1)                         = 1
read(3, "\n", 1)                        = 1
read(3, "}", 1)                         = 1
read(3, "\n", 1)                        = 1
read(3, "", 1)                          = 0
write(1, "#", 1)                        = 1
write(1, "i", 1)                        = 1
write(1, "n", 1)                        = 1
write(1, "c", 1)                        = 1
write(1, "l", 1)                        = 1
write(1, "u", 1)                        = 1
write(1, "d", 1)                        = 1
write(1, "e", 1)                        = 1
write(1, " ", 1)                        = 1
write(1, "\"", 1)                       = 1
write(1, "i", 1)                        = 1
write(1, "o", 1)                        = 1
write(1, ".", 1)                        = 1
write(1, "h", 1)                        = 1
write(1, "\"", 1)                       = 1
write(1, "\n", 1)                       = 1
write(1, "\n", 1)                       = 1
write(1, "/", 1)                        = 1
write(1, "/", 1)                        = 1
write(1, " ", 1)                        = 1
write(1, "U", 1)                        = 1
write(1, "s", 1)                        = 1
write(1, "a", 1)                        = 1
write(1, "g", 1)                        = 1
write(1, "e", 1)                        = 1
write(1, ":", 1)                        = 1
write(1, " ", 1)                        = 1
write(1, ".", 1)                        = 1
write(1, "/", 1)                        = 1
write(1, "b", 1)                        = 1
write(1, "l", 1)                        = 1
write(1, "o", 1)                        = 1
write(1, "c", 1)                        = 1
write(1, "k", 1)                        = 1
write(1, "c", 1)                        = 1
write(1, "a", 1)                        = 1
write(1, "t", 1)                        = 1
write(1, " ", 1)                        = 1
write(1, "[", 1)                        = 1
write(1, "-", 1)                        = 1
write(1, "b", 1)                        = 1
write(1, " ", 1)                        = 1
write(1, "B", 1)                        = 1
write(1, "L", 1)                        = 1
write(1, "O", 1)                        = 1
write(1, "C", 1)                        = 1
write(1, "K", 1)                        = 1
write(1, "S", 1)                        = 1
write(1, "I", 1)                        = 1
write(1, "Z", 1)                        = 1
write(1, "E", 1)                        = 1
write(1, "]", 1)                        = 1
write(1, " ", 1)                        = 1
write(1, "[", 1)                        = 1
write(1, "-", 1)                        = 1
write(1, "o", 1)                        = 1
write(1, " ", 1)                        = 1
write(1, "O", 1)                        = 1
write(1, "U", 1)                        = 1
write(1, "T", 1)                        = 1
write(1, "F", 1)                        = 1
write(1, "I", 1)                        = 1
write(1, "L", 1)                        = 1
write(1, "E", 1)                        = 1
write(1, "]", 1)                        = 1
write(1, " ", 1)                        = 1
write(1, "[", 1)                        = 1
write(1, "F", 1)                        = 1
write(1, "I", 1)                        = 1
write(1, "L", 1)                        = 1
write(1, "E", 1)                        = 1
write(1, "]", 1)                        = 1
write(1, "\n", 1)                       = 1
write(1, "/", 1)                        = 1
write(1, "/", 1)                        = 1
write(1, " ", 1)                        = 1
write(1, " ", 1)                        = 1
write(1, " ", 1)                        = 1
write(1, " ", 1)                        = 1
write(1, "C", 1)                        = 1
write(1, "o", 1)                        = 1
write(1, "p", 1)                        = 1
write(1, "i", 1)                        = 1
write(1, "e", 1)                        = 1
write(1, "s", 1)                        = 1
write(1, " ", 1)                        = 1
write(1, "t", 1)                        = 1
write(1, "h", 1)                        = 1
write(1, "e", 1)                        = 1
write(1, " ", 1)                        = 1
write(1, "i", 1)                        = 1
write(1, "n", 1)                        = 1
write(1, "p", 1)                        = 1
write(1, "u", 1)                        = 1
write(1, "t", 1)                        = 1
write(1, " ", 1)                        = 1
write(1, "F", 1)                        = 1
write(1, "I", 1)                        = 1
write(1, "L", 1)                        = 1
write(1, "E", 1)                        = 1
write(1, " ", 1)                        = 1
write(1, "t", 1)                        = 1
write(1, "o", 1)                        = 1
write(1, " ", 1)                        = 1
write(1, "s", 1)                        = 1
write(1, "t", 1)                        = 1
write(1, "a", 1)                        = 1
write(1, "n", 1)                        = 1
write(1, "d", 1)                        = 1
write(1, "a", 1)                        = 1
write(1, "r", 1)                        = 1
write(1, "d", 1)                        = 1
write(1, " ", 1)                        = 1
write(1, "o", 1)                        = 1
write(1, "u", 1)                        = 1
write(1, "t", 1)                        = 1
write(1, "p", 1)                        = 1
write(1, "u", 1)                        = 1
write(1, "t", 1)                        = 1
write(1, " ", 1)                        = 1
write(1, "i", 1)                        = 1
write(1, "n", 1)                        = 1
write(1, " ", 1)                        = 1
write(1, "b", 1)                        = 1
write(1, "l", 1)                        = 1
write(1, "o", 1)                        = 1
write(1, "c", 1)                        = 1
write(1, "k", 1)                        = 1
write(1, "s", 1)                        = 1
write(1, ".", 1)                        = 1
write(1, "\n", 1)                       = 1
write(1, "/", 1)                        = 1
write(1, "/", 1)                        = 1
write(1, " ", 1)                        = 1
write(1, " ", 1)                        = 1
write(1, " ", 1)                        = 1
write(1, " ", 1)                        = 1
write(1, "D", 1)                        = 1
write(1, "e", 1)                        = 1
write(1, "f", 1)                        = 1
write(1, "a", 1)                        = 1
write(1, "u", 1)                        = 1
write(1, "l", 1)                        = 1
write(1, "t", 1)                        = 1
write(1, " ", 1)                        = 1
write(1, "B", 1)                        = 1
write(1, "L", 1)                        = 1
write(1, "O", 1)                        = 1
write(1, "C", 1)                        = 1
write(1, "K", 1)                        = 1
write(1, "S", 1)                        = 1
write(1, "I", 1)                        = 1
write(1, "Z", 1)                        = 1
write(1, "E", 1)                        = 1
write(1, " ", 1)                        = 1
write(1, "i", 1)                        = 1
write(1, "s", 1)                        = 1
write(1, " ", 1)                        = 1
write(1, "4", 1)                        = 1
write(1, "0", 1)                        = 1
write(1, "9", 1)                        = 1
write(1, "6", 1)                        = 1
write(1, ".", 1)                        = 1
write(1, "\n", 1)                       = 1
write(1, "\n", 1)                       = 1
write(1, "i", 1)                        = 1
write(1, "n", 1)                        = 1
write(1, "t", 1)                        = 1
write(1, " ", 1)                        = 1
write(1, "m", 1)                        = 1
write(1, "a", 1)                        = 1
write(1, "i", 1)                        = 1
write(1, "n", 1)                        = 1
write(1, "(", 1)                        = 1
write(1, "i", 1)                        = 1
write(1, "n", 1)                        = 1
write(1, "t", 1)                        = 1
write(1, " ", 1)                        = 1
write(1, "a", 1)                        = 1
write(1, "r", 1)                        = 1
write(1, "g", 1)                        = 1
write(1, "c", 1)                        = 1
write(1, ",", 1)                        = 1
write(1, " ", 1)                        = 1
write(1, "c", 1)                        = 1
write(1, "h", 1)                        = 1
write(1, "a", 1)                        = 1
write(1, "r", 1)                        = 1
write(1, "*", 1)                        = 1
write(1, " ", 1)                        = 1
write(1, "a", 1)                        = 1
write(1, "r", 1)                        = 1
write(1, "g", 1)                        = 1
write(1, "v", 1)                        = 1
write(1, "[", 1)                        = 1
write(1, "]", 1)                        = 1
write(1, ")", 1)                        = 1
write(1, " ", 1)                        = 1
write(1, "{", 1)                        = 1
write(1, "\n", 1)                       = 1
write(1, " ", 1)                        = 1
write(1, " ", 1)                        = 1
write(1, " ", 1)                        = 1
write(1, " ", 1)                        = 1
write(1, "/", 1)                        = 1
write(1, "/", 1)                        = 1
write(1, " ", 1)                        = 1
write(1, "P", 1)                        = 1
write(1, "a", 1)                        = 1
write(1, "r", 1)                        = 1
write(1, "s", 1)                        = 1
write(1, "e", 1)                        = 1
write(1, " ", 1)                        = 1
write(1, "a", 1)                        = 1
write(1, "r", 1)                        = 1
write(1, "g", 1)                        = 1
write(1, "u", 1)                        = 1
write(1, "m", 1)                        = 1
write(1, "e", 1)                        = 1
write(1, "n", 1)                        = 1
write(1, "t", 1)                        = 1
write(1, "s", 1)                        = 1
write(1, "\n", 1)                       = 1
write(1, " ", 1)                        = 1
write(1, " ", 1)                        = 1
write(1, " ", 1)                        = 1
write(1, " ", 1)                        = 1
write(1, "i", 1)                        = 1
write(1, "o", 1)                        = 1
write(1, "_", 1)                        = 1
write(1, "a", 1)                        = 1
write(1, "r", 1)                        = 1
write(1, "g", 1)                        = 1
write(1, "u", 1)                        = 1
write(1, "m", 1)                        = 1
write(1, "e", 1)                        = 1
write(1, "n", 1)                        = 1
write(1, "t", 1)                        = 1
write(1, "s", 1)                        = 1
write(1, " ", 1)                        = 1
write(1, "a", 1)                        = 1
write(1, "r", 1)                        = 1
write(1, "g", 1)                        = 1
write(1, "s", 1)                        = 1
write(1, " ", 1)                        = 1
write(1, "=", 1)                        = 1
write(1, " ", 1)                        = 1
write(1, "i", 1)                        = 1
write(1, "o", 1)                        = 1
write(1, "_", 1)                        = 1
write(1, "p", 1)                        = 1
write(1, "a", 1)                        = 1
write(1, "r", 1)                        = 1
write(1, "s", 1)                        = 1
write(1, "e", 1)                        = 1
write(1, "_", 1)                        = 1
write(1, "a", 1)                        = 1
write(1, "r", 1)                        = 1
write(1, "g", 1)                        = 1
write(1, "u", 1)                        = 1
write(1, "m", 1)                        = 1
write(1, "e", 1)                        = 1
write(1, "n", 1)                        = 1
write(1, "t", 1)                        = 1
write(1, "s", 1)                        = 1
write(1, "(", 1)                        = 1
write(1, "a", 1)                        = 1
write(1, "r", 1)                        = 1
write(1, "g", 1)                        = 1
write(1, "c", 1)                        = 1
write(1, ",", 1)                        = 1
write(1, " ", 1)                        = 1
write(1, "a", 1)                        = 1
write(1, "r", 1)                        = 1
write(1, "g", 1)                        = 1
write(1, "v", 1)                        = 1
write(1, ",", 1)                        = 1
write(1, " ", 1)                        = 1
write(1, "\"", 1)                       = 1
write(1, "b", 1)                        = 1
write(1, ":", 1)                        = 1
write(1, "o", 1)                        = 1
write(1, ":", 1)                        = 1
write(1, "\"", 1)                       = 1
write(1, ")", 1)                        = 1
write(1, ";", 1)                        = 1
write(1, "\n", 1)                       = 1
write(1, " ", 1)                        = 1
write(1, " ", 1)                        = 1
write(1, " ", 1)                        = 1
write(1, " ", 1)                        = 1
write(1, "s", 1)                        = 1
write(1, "i", 1)                        = 1
write(1, "z", 1)                        = 1
write(1, "e", 1)                        = 1
write(1, "_", 1)                        = 1
write(1, "t", 1)                        = 1
write(1, " ", 1)                        = 1
write(1, "b", 1)                        = 1
write(1, "l", 1)                        = 1
write(1, "o", 1)                        = 1
write(1, "c", 1)                        = 1
write(1, "k", 1)                        = 1
write(1, "_", 1)                        = 1
write(1, "s", 1)                        = 1
write(1, "i", 1)                        = 1
write(1, "z", 1)                        = 1
write(1, "e", 1)                        = 1
write(1, " ", 1)                        = 1
write(1, "=", 1)                        = 1
write(1, " ", 1)                        = 1
write(1, "a", 1)                        = 1
write(1, "r", 1)                        = 1
write(1, "g", 1)                        = 1
write(1, "s", 1)                        = 1
write(1, ".", 1)                        = 1
write(1, "b", 1)                        = 1
write(1, "l", 1)                        = 1
write(1, "o", 1)                        = 1
write(1, "c", 1)                        = 1
write(1, "k", 1)                        = 1
write(1, "_", 1)                        = 1
write(1, "s", 1)                        = 1
write(1, "i", 1)                        = 1
write(1, "z", 1)                        = 1
write(1, "e", 1)                        = 1
write(1, " ", 1)                        = 1
write(1, "?", 1)                        = 1
write(1, " ", 1)                        = 1
write(1, "a", 1)                        = 1
write(1, "r", 1)                        = 1
write(1, "g", 1)                        = 1
write(1, "s", 1)                        = 1
write(1, ".", 1)                        = 1
write(1, "b", 1)                        = 1
write(1, "l", 1)                        = 1
write(1, "o", 1)                        = 1
write(1, "c", 1)                        = 1
write(1, "k", 1)                        = 1
write(1, "_", 1)                        = 1
write(1, "s", 1)                        = 1
write(1, "i", 1)                        = 1
write(1, "z", 1)                        = 1
write(1, "e", 1)                        = 1
write(1, " ", 1)                        = 1
write(1, ":", 1)                        = 1
write(1, " ", 1)                        = 1
write(1, "4", 1)                        = 1
write(1, "0", 1)                        = 1
write(1, "9", 1)                        = 1
write(1, "6", 1)                        = 1
write(1, ";", 1)                        = 1
write(1, "\n", 1)                       = 1
write(1, "\n", 1)                       = 1
write(1, " ", 1)                        = 1
write(1, " ", 1)                        = 1
write(1, " ", 1)                        = 1
write(1, " ", 1)                        = 1
write(1, "/", 1)                        = 1
write(1, "/", 1)                        = 1
write(1, " ", 1)                        = 1
write(1, "A", 1)                        = 1
write(1, "l", 1)                        = 1
write(1, "l", 1)                        = 1
write(1, "o", 1)                        = 1
write(1, "c", 1)                        = 1
write(1, "a", 1)                        = 1
write(1, "t", 1)                        = 1
write(1, "e", 1)                        = 1
write(1, " ", 1)                        = 1
write(1, "b", 1)                        = 1
write(1, "u", 1)                        = 1
write(1, "f", 1)                        = 1
write(1, "f", 1)                        = 1
write(1, "e", 1)                        = 1
write(1, "r", 1)                        = 1
write(1, ",", 1)                        = 1
write(1, " ", 1)                        = 1
write(1, "o", 1)                        = 1
write(1, "p", 1)                        = 1
write(1, "e", 1)                        = 1
write(1, "n", 1)                        = 1
write(1, " ", 1)                        = 1
write(1, "f", 1)                        = 1
write(1, "i", 1)                        = 1
write(1, "l", 1)                        = 1
write(1, "e", 1)                        = 1
write(1, "s", 1)                        = 1
write(1, "\n", 1)                       = 1
write(1, " ", 1)                        = 1
write(1, " ", 1)                        = 1
write(1, " ", 1)                        = 1
write(1, " ", 1)                        = 1
write(1, "c", 1)                        = 1
write(1, "h", 1)                        = 1
write(1, "a", 1)                        = 1
write(1, "r", 1)                        = 1
write(1, "*", 1)                        = 1
write(1, " ", 1)                        = 1
write(1, "b", 1)                        = 1
write(1, "u", 1)                        = 1
write(1, "f", 1)                        = 1
write(1, " ", 1)                        = 1
write(1, "=", 1)                        = 1
write(1, " ", 1)                        = 1
write(1, "(", 1)                        = 1
write(1, "c", 1)                        = 1
write(1, "h", 1)                        = 1
write(1, "a", 1)                        = 1
write(1, "r", 1)                        = 1
write(1, "*", 1)                        = 1
write(1, ")", 1)                        = 1
write(1, " ", 1)                        = 1
write(1, "m", 1)                        = 1
write(1, "a", 1)                        = 1
write(1, "l", 1)                        = 1
write(1, "l", 1)                        = 1
write(1, "o", 1)                        = 1
write(1, "c", 1)                        = 1
write(1, "(", 1)                        = 1
write(1, "b", 1)                        = 1
write(1, "l", 1)                        = 1
write(1, "o", 1)                        = 1
write(1, "c", 1)                        = 1
write(1, "k", 1)                        = 1
write(1, "_", 1)                        = 1
write(1, "s", 1)                        = 1
write(1, "i", 1)                        = 1
write(1, "z", 1)                        = 1
write(1, "e", 1)                        = 1
write(1, ")", 1)                        = 1
write(1, ";", 1)                        = 1
write(1, "\n", 1)                       = 1
write(1, "\n", 1)                       = 1
write(1, " ", 1)                        = 1
write(1, " ", 1)                        = 1
write(1, " ", 1)                        = 1
write(1, " ", 1)                        = 1
write(1, "i", 1)                        = 1
write(1, "o", 1)                        = 1
write(1, "_", 1)                        = 1
write(1, "p", 1)                        = 1
write(1, "r", 1)                        = 1
write(1, "o", 1)                        = 1
write(1, "f", 1)                        = 1
write(1, "i", 1)                        = 1
write(1, "l", 1)                        = 1
write(1, "e", 1)                        = 1
write(1, "_", 1)                        = 1
write(1, "b", 1)                        = 1
write(1, "e", 1)                        = 1
write(1, "g", 1)                        = 1
write(1, "i", 1)                        = 1
write(1, "n", 1)                        = 1
write(1, "(", 1)                        = 1
write(1, ")", 1)                        = 1
write(1, ";", 1)                        = 1
write(1, "\n", 1)                       = 1
write(1, " ", 1)                        = 1
write(1, " ", 1)                        = 1
write(1, " ", 1)                        = 1
write(1, " ", 1)                        = 1
write(1, "i", 1)                        = 1
write(1, "o", 1)                        = 1
write(1, "_", 1)                        = 1
write(1, "f", 1)                        = 1
write(1, "i", 1)                        = 1
write(1, "l", 1)                        = 1
write(1, "e", 1)                        = 1
write(1, "*", 1)                        = 1
write(1, " ", 1)                        = 1
write(1, "i", 1)                        = 1
write(1, "n", 1)                        = 1
write(1, "f", 1)                        = 1
write(1, " ", 1)                        = 1
write(1, "=", 1)                        = 1
write(1, " ", 1)                        = 1
write(1, "i", 1)                        = 1
write(1, "o", 1)                        = 1
write(1, "_", 1)                        = 1
write(1, "o", 1)                        = 1
write(1, "p", 1)                        = 1
write(1, "e", 1)                        = 1
write(1, "n", 1)                        = 1
write(1, "_", 1)                        = 1
write(1, "c", 1)                        = 1
write(1, "h", 1)                        = 1
write(1, "e", 1)                        = 1
write(1, "c", 1)                        = 1
write(1, "k", 1)                        = 1
write(1, "(", 1)                        = 1
write(1, "a", 1)                        = 1
write(1, "r", 1)                        = 1
write(1, "g", 1)                        = 1
write(1, "s", 1)                        = 1
write(1, ".", 1)                        = 1
write(1, "i", 1)                        = 1
write(1, "n", 1)                        = 1
write(1, "p", 1)                        = 1
write(1, "u", 1)                        = 1
write(1, "t", 1)                        = 1
write(1, "_", 1)                        = 1
write(1, "f", 1)                        = 1
write(1, "i", 1)                        = 1
write(1, "l", 1)                        = 1
write(1, "e", 1)                        = 1
write(1, ",", 1)                        = 1
write(1, " ", 1)                        = 1
write(1, "O", 1)                        = 1
write(1, "_", 1)                        = 1
write(1, "R", 1)                        = 1
write(1, "D", 1)                        = 1
write(1, "O", 1)                        = 1
write(1, "N", 1)                        = 1
write(1, "L", 1)                        = 1
write(1, "Y", 1)                        = 1
write(1, ")", 1)                        = 1
write(1, ";", 1)                        = 1
write(1, "\n", 1)                       = 1
write(1, " ", 1)                        = 1
write(1, " ", 1)                        = 1
write(1, " ", 1)                        = 1
write(1, " ", 1)                        = 1
write(1, "i", 1)                        = 1
write(1, "o", 1)                        = 1
write(1, "_", 1)                        = 1
write(1, "f", 1)                        = 1
write(1, "i", 1)                        = 1
write(1, "l", 1)                        = 1
write(1, "e", 1)                        = 1
write(1, "*", 1)                        = 1
write(1, " ", 1)                        = 1
write(1, "o", 1)                        = 1
write(1, "u", 1)                        = 1
write(1, "t", 1)                        = 1
write(1, "f", 1)                        = 1
write(1, " ", 1)                        = 1
write(1, "=", 1)                        = 1
write(1, " ", 1)                        = 1
write(1, "i", 1)                        = 1
write(1, "o", 1)                        = 1
write(1, "_", 1)                        = 1
write(1, "o", 1)                        = 1
write(1, "p", 1)                        = 1
write(1, "e", 1)                        = 1
write(1, "n", 1)                        = 1
write(1, "_", 1)                        = 1
write(1, "c", 1)                        = 1
write(1, "h", 1)                        = 1
write(1, "e", 1)                        = 1
write(1, "c", 1)                        = 1
write(1, "k", 1)                        = 1
write(1, "(", 1)                        = 1
write(1, "a", 1)                        = 1
write(1, "r", 1)                        = 1
write(1, "g", 1)                        = 1
write(1, "s", 1)                        = 1
write(1, ".", 1)                        = 1
write(1, "o", 1)                        = 1
write(1, "u", 1)                        = 1
write(1, "t", 1)                        = 1
write(1, "p", 1)                        = 1
write(1, "u", 1)                        = 1
write(1, "t", 1)                        = 1
write(1, "_", 1)                        = 1
write(1, "f", 1)                        = 1
write(1, "i", 1)                        = 1
write(1, "l", 1)                        = 1
write(1, "e", 1)                        = 1
write(1, ",", 1)                        = 1
write(1, "\n", 1)                       = 1
write(1, " ", 1)                        = 1
write(1, " ", 1)                        = 1
write(1, " ", 1)                        = 1
write(1, " ", 1)                        = 1
write(1, " ", 1)                        = 1
write(1, " ", 1)                        = 1
write(1, " ", 1)                        = 1
write(1, " ", 1)                        = 1
write(1, " ", 1)                        = 1
write(1, " ", 1)                        = 1
write(1, " ", 1)                        = 1
write(1, " ", 1)                        = 1
write(1, " ", 1)                        = 1
write(1, " ", 1)                        = 1
write(1, " ", 1)                        = 1
write(1, " ", 1)                        = 1
write(1, " ", 1)                        = 1
write(1, " ", 1)                        = 1
write(1, " ", 1)                        = 1
write(1, " ", 1)                        = 1
write(1, " ", 1)                        = 1
write(1, " ", 1)                        = 1
write(1, " ", 1)                        = 1
write(1, " ", 1)                        = 1
write(1, " ", 1)                        = 1
write(1, " ", 1)                        = 1
write(1, " ", 1)                        = 1
write(1, " ", 1)                        = 1
write(1, " ", 1)                        = 1
write(1, " ", 1)                        = 1
write(1, " ", 1)                        = 1
write(1, " ", 1)                        = 1
write(1, " ", 1)                        = 1
write(1, " ", 1)                        = 1
write(1, " ", 1)                        = 1
write(1, " ", 1)                        = 1
write(1, " ", 1)                        = 1
write(1, " ", 1)                        = 1
write(1, "O", 1)                        = 1
write(1, "_", 1)                        = 1
write(1, "W", 1)                        = 1
write(1, "R", 1)                        = 1
write(1, "O", 1)                        = 1
write(1, "N", 1)                        = 1
write(1, "L", 1)                        = 1
write(1, "Y", 1)                        = 1
write(1, " ", 1)                        = 1
write(1, "|", 1)                        = 1
write(1, " ", 1)                        = 1
write(1, "O", 1)                        = 1
write(1, "_", 1)                        = 1
write(1, "C", 1)                        = 1
write(1, "R", 1)                        = 1
write(1, "E", 1)                        = 1
write(1, "A", 1)                        = 1
write(1, "T", 1)                        = 1
write(1, " ", 1)                        = 1
write(1, "|", 1)                        = 1
write(1, " ", 1)                        = 1
write(1, "O", 1)                        = 1
write(1, "_", 1)                        = 1
write(1, "T", 1)                        = 1
write(1, "R", 1)                        = 1
write(1, "U", 1)                        = 1
write(1, "N", 1)                        = 1
write(1, "C", 1)                        = 1
write(1, ")", 1)                        = 1
write(1, ";", 1)                        = 1
write(1, "\n", 1)                       = 1
write(1, "\n", 1)                       = 1
write(1, " ", 1)                        = 1
write(1, " ", 1)                        = 1
write(1, " ", 1)                        = 1
write(1, " ", 1)                        = 1
write(1, "/", 1)                        = 1
write(1, "/", 1)                        = 1
write(1, " ", 1)                        = 1
write(1, "C", 1)                        = 1
write(1, "o", 1)                        = 1
write(1, "p", 1)                        = 1
write(1, "y", 1)                        = 1
write(1, " ", 1)                        = 1
write(1, "f", 1)                        = 1
write(1, "i", 1)                        = 1
write(1, "l", 1)                        = 1
write(1, "e", 1)                        = 1
write(1, " ", 1)                        = 1
write(1, "d", 1)                        = 1
write(1, "a", 1)                        = 1
write(1, "t", 1)                        = 1
write(1, "a", 1)                        = 1
write(1, "\n", 1)                       = 1
write(1, " ", 1)                        = 1
write(1, " ", 1)                        = 1
write(1, " ", 1)                        = 1
write(1, " ", 1)                        = 1
write(1, "w", 1)                        = 1
write(1, "h", 1)                        = 1
write(1, "i", 1)                        = 1
write(1, "l", 1)                        = 1
write(1, "e", 1)                        = 1
write(1, " ", 1)                        = 1
write(1, "(", 1)                        = 1
write(1, "1", 1)                        = 1
write(1, ")", 1)                        = 1
write(1, " ", 1)                        = 1
write(1, "{", 1)                        = 1
write(1, "\n", 1)                       = 1
write(1, " ", 1)                        = 1
write(1, " ", 1)                        = 1
write(1, " ", 1)                        = 1
write(1, " ", 1)                        = 1
write(1, " ", 1)                        = 1
write(1, " ", 1)                        = 1
write(1, " ", 1)                        = 1
write(1, " ", 1)                        = 1
write(1, "s", 1)                        = 1
write(1, "s", 1)                        = 1
write(1, "i", 1)                        = 1
write(1, "z", 1)                        = 1
write(1, "e", 1)                        = 1
write(1, "_", 1)                        = 1
write(1, "t", 1)                        = 1
write(1, " ", 1)                        = 1
write(1, "a", 1)                        = 1
write(1, "m", 1)                        = 1
write(1, "o", 1)                        = 1
write(1, "u", 1)                        = 1
write(1, "n", 1)                        = 1
write(1, "t", 1)                        = 1
write(1, " ", 1)                        = 1
write(1, "=", 1)                        = 1
write(1, " ", 1)                        = 1
write(1, "i", 1)                        = 1
write(1, "o", 1)                        = 1
write(1, "_", 1)                        = 1
write(1, "r", 1)                        = 1
write(1, "e", 1)                        = 1
write(1, "a", 1)                        = 1
write(1, "d", 1)                        = 1
write(1, "(", 1)                        = 1
write(1, "i", 1)                        = 1
write(1, "n", 1)                        = 1
write(1, "f", 1)                        = 1
write(1, ",", 1)                        = 1
write(1, " ", 1)                        = 1
write(1, "b", 1)                        = 1
write(1, "u", 1)                        = 1
write(1, "f", 1)                        = 1
write(1, ",", 1)                        = 1
write(1, " ", 1)                        = 1
write(1, "b", 1)                        = 1
write(1, "l", 1)                        = 1
write(1, "o", 1)                        = 1
write(1, "c", 1)                        = 1
write(1, "k", 1)                        = 1
write(1, "_", 1)                        = 1
write(1, "s", 1)                        = 1
write(1, "i", 1)                        = 1
write(1, "z", 1)                        = 1
write(1, "e", 1)                        = 1
write(1, ")", 1)                        = 1
write(1, ";", 1)                        = 1
write(1, "\n", 1)                       = 1
write(1, " ", 1)                        = 1
write(1, " ", 1)                        = 1
write(1, " ", 1)                        = 1
write(1, " ", 1)                        = 1
write(1, " ", 1)                        = 1
write(1, " ", 1)                        = 1
write(1, " ", 1)                        = 1
write(1, " ", 1)                        = 1
write(1, "i", 1)                        = 1
write(1, "f", 1)                        = 1
write(1, " ", 1)                        = 1
write(1, "(", 1)                        = 1
write(1, "a", 1)                        = 1
write(1, "m", 1)                        = 1
write(1, "o", 1)                        = 1
write(1, "u", 1)                        = 1
write(1, "n", 1)                        = 1
write(1, "t", 1)                        = 1
write(1, " ", 1)                        = 1
write(1, "<", 1)                        = 1
write(1, "=", 1)                        = 1
write(1, " ", 1)                        = 1
write(1, "0", 1)                        = 1
write(1, ")", 1)                        = 1
write(1, " ", 1)                        = 1
write(1, "{", 1)                        = 1
write(1, "\n", 1)                       = 1
write(1, " ", 1)                        = 1
write(1, " ", 1)                        = 1
write(1, " ", 1)                        = 1
write(1, " ", 1)                        = 1
write(1, " ", 1)                        = 1
write(1, " ", 1)                        = 1
write(1, " ", 1)                        = 1
write(1, " ", 1)                        = 1
write(1, " ", 1)                        = 1
write(1, " ", 1)                        = 1
write(1, " ", 1)                        = 1
write(1, " ", 1)                        = 1
write(1, "b", 1)                        = 1
write(1, "r", 1)                        = 1
write(1, "e", 1)                        = 1
write(1, "a", 1)                        = 1
write(1, "k", 1)                        = 1
write(1, ";", 1)                        = 1
write(1, "\n", 1)                       = 1
write(1, " ", 1)                        = 1
write(1, " ", 1)                        = 1
write(1, " ", 1)                        = 1
write(1, " ", 1)                        = 1
write(1, " ", 1)                        = 1
write(1, " ", 1)                        = 1
write(1, " ", 1)                        = 1
write(1, " ", 1)                        = 1
write(1, "}", 1)                        = 1
write(1, "\n", 1)                       = 1
write(1, " ", 1)                        = 1
write(1, " ", 1)                        = 1
write(1, " ", 1)                        = 1
write(1, " ", 1)                        = 1
write(1, " ", 1)                        = 1
write(1, " ", 1)                        = 1
write(1, " ", 1)                        = 1
write(1, " ", 1)                        = 1
write(1, "i", 1)                        = 1
write(1, "o", 1)                        = 1
write(1, "_", 1)                        = 1
write(1, "w", 1)                        = 1
write(1, "r", 1)                        = 1
write(1, "i", 1)                        = 1
write(1, "t", 1)                        = 1
write(1, "e", 1)                        = 1
write(1, "(", 1)                        = 1
write(1, "o", 1)                        = 1
write(1, "u", 1)                        = 1
write(1, "t", 1)                        = 1
write(1, "f", 1)                        = 1
write(1, ",", 1)                        = 1
write(1, " ", 1)                        = 1
write(1, "b", 1)                        = 1
write(1, "u", 1)                        = 1
write(1, "f", 1)                        = 1
write(1, ",", 1)                        = 1
write(1, " ", 1)                        = 1
write(1, "a", 1)                        = 1
write(1, "m", 1)                        = 1
write(1, "o", 1)                        = 1
write(1, "u", 1)                        = 1
write(1, "n", 1)                        = 1
write(1, "t", 1)                        = 1
write(1, ")", 1)                        = 1
write(1, ";", 1)                        = 1
write(1, "\n", 1)                       = 1
write(1, " ", 1)                        = 1
write(1, " ", 1)                        = 1
write(1, " ", 1)                        = 1
write(1, " ", 1)                        = 1
write(1, "}", 1)                        = 1
write(1, "\n", 1)                       = 1
write(1, "\n", 1)                       = 1
write(1, " ", 1)                        = 1
write(1, " ", 1)                        = 1
write(1, " ", 1)                        = 1
write(1, " ", 1)                        = 1
write(1, "i", 1)                        = 1
write(1, "o", 1)                        = 1
write(1, "_", 1)                        = 1
write(1, "c", 1)                        = 1
write(1, "l", 1)                        = 1
write(1, "o", 1)                        = 1
write(1, "s", 1)                        = 1
write(1, "e", 1)                        = 1
write(1, "(", 1)                        = 1
write(1, "i", 1)                        = 1
write(1, "n", 1)                        = 1
write(1, "f", 1)                        = 1
write(1, ")", 1)                        = 1
write(1, ";", 1)                        = 1
write(1, "\n", 1)                       = 1
write(1, " ", 1)                        = 1
write(1, " ", 1)                        = 1
write(1, " ", 1)                        = 1
write(1, " ", 1)                        = 1
write(1, "i", 1)                        = 1
write(1, "o", 1)                        = 1
write(1, "_", 1)                        = 1
write(1, "c", 1)                        = 1
write(1, "l", 1)                        = 1
write(1, "o", 1)                        = 1
write(1, "s", 1)                        = 1
write(1, "e", 1)                        = 1
write(1, "(", 1)                        = 1
write(1, "o", 1)                        = 1
write(1, "u", 1)                        = 1
write(1, "t", 1)                        = 1
write(1, "f", 1)                        = 1
write(1, ")", 1)                        = 1
write(1, ";", 1)                        = 1
write(1, "\n", 1)                       = 1
write(1, " ", 1)                        = 1
write(1, " ", 1)                        = 1
write(1, " ", 1)                        = 1
write(1, " ", 1)                        = 1
write(1, "i", 1)                        = 1
write(1, "o", 1)                        = 1
write(1, "_", 1)                        = 1
write(1, "p", 1)                        = 1
write(1, "r", 1)                        = 1
write(1, "o", 1)                        = 1
write(1, "f", 1)                        = 1
write(1, "i", 1)                        = 1
write(1, "l", 1)                        = 1
write(1, "e", 1)                        = 1
write(1, "_", 1)                        = 1
write(1, "e", 1)                        = 1
write(1, "n", 1)                        = 1
write(1, "d", 1)                        = 1
write(1, "(", 1)                        = 1
write(1, ")", 1)                        = 1
write(1, ";", 1)                        = 1
write(1, "\n", 1)                       = 1
write(1, " ", 1)                        = 1
write(1, " ", 1)                        = 1
write(1, " ", 1)                        = 1
write(1, " ", 1)                        = 1
write(1, "f", 1)                        = 1
write(1, "r", 1)                        = 1
write(1, "e", 1)                        = 1
write(1, "e", 1)                        = 1
write(1, "(", 1)                        = 1
write(1, "b", 1)                        = 1
write(1, "u", 1)                        = 1
write(1, "f", 1)                        = 1
write(1, ")", 1)                        = 1
write(1, ";", 1)                        = 1
write(1, "\n", 1)                       = 1
write(1, "}", 1)                        = 1
write(1, "\n", 1)                       = 1
read(3, "", 1)                          = 0
read(3, "", 1)                          = 0
close(3)                                = 0
close(1)                                = 0
getrusage(RUSAGE_SELF, {ru_utime={tv_sec=0, tv_usec=1656}, ru_stime={tv_sec=0, tv_usec=16558}, ...}) = 0
getrusage(RUSAGE_CHILDREN, {ru_utime={tv_sec=0, tv_usec=0}, ru_stime={tv_sec=0, tv_usec=0}, ...}) = 0
lseek(100, 0, SEEK_CUR)                 = -1 EBADF (Bad file descriptor)
write(2, "{\"time\":0.043216, \"utime\":0.0016"..., 69) = 69
exit_group(0)                           = ?
+++ exited with 0 +++
